[0910/121255.756:INFO:CONSOLE(0)] "Error with Permissions-Policy header: Feature xr-spatial-tracking's parameters are ignored.", source:  (0)
[0910/121255.756:INFO:CONSOLE(0)] "Error with Permissions-Policy header: Origin trial controlled feature not enabled: 'attribution-reporting'.", source:  (0)
[0910/121255.756:INFO:CONSOLE(0)] "Error with Permissions-Policy header: Unrecognized feature: 'compute-pressure'.", source:  (0)
[0910/121255.756:INFO:CONSOLE(0)] "Error with Permissions-Policy header: Origin trial controlled feature not enabled: 'interest-cohort'.", source:  (0)
[0910/121255.756:INFO:CONSOLE(0)] "Error with Permissions-Policy header: Unrecognized feature: 'private-state-token-issuance'.", source:  (0)
[0910/121255.756:INFO:CONSOLE(0)] "Error with Permissions-Policy header: Origin trial controlled feature not enabled: 'shared-storage'.", source:  (0)
[0910/121255.756:INFO:CONSOLE(0)] "Error with Permissions-Policy header: Unrecognized feature: 'shared-storage-select-url'.", source:  (0)
[0910/121255.756:INFO:CONSOLE(0)] "Error with Permissions-Policy header: Unrecognized feature: 'private-state-token-redemption'.", source:  (0)
[0910/121255.756:INFO:CONSOLE(0)] "Error with Permissions-Policy header: Unrecognized feature: 'unload'.", source:  (0)
[0910/121255.756:INFO:CONSOLE(0)] "Error with Permissions-Policy header: Unrecognized feature: 'window-management'.", source:  (0)
[0910/121255.756:INFO:CONSOLE(0)] "Document-Policy HTTP header: Unrecognized document policy feature name include-js-call-stacks-in-crash-reports.", source: https://web.whatsapp.com/ (0)
[0910/121300.546:INFO:CONSOLE(115)] "Event handler of 'x-storagemutated-1' event must be added on the initial evaluation of worker script.", source: https://static.whatsapp.net/rsrc.php/v4/yX/r/-XHuNcyLUTh.js (115)
[0910/121603.158:INFO:CONSOLE(115)] "Event handler of 'x-storagemutated-1' event must be added on the initial evaluation of worker script.", source: https://static.whatsapp.net/rsrc.php/v4/yX/r/-XHuNcyLUTh.js (115)
[0910/121640.000:INFO:CONSOLE(115)] "Event handler of 'x-storagemutated-1' event must be added on the initial evaluation of worker script.", source: https://static.whatsapp.net/rsrc.php/v4/yX/r/-XHuNcyLUTh.js (115)
[0910/121753.362:INFO:CONSOLE(115)] "Event handler of 'x-storagemutated-1' event must be added on the initial evaluation of worker script.", source: https://static.whatsapp.net/rsrc.php/v4/yX/r/-XHuNcyLUTh.js (115)
[0910/121918.076:INFO:CONSOLE(905)] "Failed to parse video contentType: video/mp4; codecs=avc1.42000a", source: https://static.whatsapp.net/rsrc.php/v4iZYx4/yx/l/pt_BR-j/m-9b_vRGCXE.js (905)
[0910/121918.076:INFO:CONSOLE(905)] "Failed to parse video contentType: video/mp4; codecs=hev1.1.6.L93.B0", source: https://static.whatsapp.net/rsrc.php/v4iZYx4/yx/l/pt_BR-j/m-9b_vRGCXE.js (905)
[0910/122008.840:INFO:CONSOLE(115)] "Event handler of 'x-storagemutated-1' event must be added on the initial evaluation of worker script.", source: https://static.whatsapp.net/rsrc.php/v4/yX/r/-XHuNcyLUTh.js (115)
[0910/122739.536:ERROR:indexed_db_backing_store.cc(2858)] IndexedDB Read Error: LOAD_CURRENT_ROW
[0910/122739.917:INFO:CONSOLE(0)] "Uncaught (in promise) [object Object]", source: https://web.whatsapp.com/static_resources/webworker_v1/init_script/?__hs=20341.HYP%3Awhatsapp_comet_pkg.2.1...0&__spin_r=1026936670&__spin_b=trunk&__spin_t=1757517174 (0)
